[KERNEL] Finished drawing loading screen
[KERNEL] About to enable mouse IRQ

[IRQ_ENABLE] IRQ 0C -> SLAVE
[IRQ2_CASCADE] Before: FF After calc: FB Readback: FB
[IRQ_MASK] Before: FF IRQ_BIT: 04 ~(1<<n): EF After calc: EF Readback: EF
[KERNEL] After mouse enable: master=FB slave=EF
[KERNEL] About to call mouse_init
[KERNEL] Mouse init completed
[KERNEL] About to create sysman process
[KERNEL] Module count: 02
[KERNEL] Loading modules...
[KERNEL] mods_addr: 0x000100A8
[KERNEL] Getting sysman address...
[KERNEL] sysman at 0x0011D000
[KERNEL] Getting orbit address...
[KERNEL] orbit at 0x0011E000
[KERNEL] Disabling interrupts for process creation...
[KERNEL] Enabling scheduler...
[KERNEL] Enabling timer IRQ in PIC...

[IRQ_ENABLE] IRQ 00 -> MASTER
[IRQ_MASK] Before: FB IRQ_BIT: 00 ~(1<<n): FE After calc: FA Readback: FA
[KERNEL] After timer enable: master=FA slave=EF
[KERNEL] Calling process_create_sysman...

[RING3_SWITCH] Switching to Ring 3 now!

[RING3_SWITCH] Switching to Ring 3 now!
[SYSCALL_PUTS] str=[ORBIT_ENTRY] orbit_main_c started!
[SYSCALL_PUTS] str=[ORBIT_START] master=0x[SYSCALL_PUTS] str=FA[SYSCALL_PUTS] str= slave=0x[SYSCALL_PUTS] str=EF[SYSCALL_PUTS] str= IRQ2_OK[SYSCALL_PUTS] str= IRQ12_OK[SYSCALL_PUTS] str=
[SYSCALL_X=0150]
[SYSCALL_Y=00F0]
[SYSCALL_PUTS] str=[MOUSE_MOVED] X=[SYSCALL_PUTS] str=336[SYSCALL_PUTS] str= Y=[SYSCALL_PUTS] str=240[SYSCALL_PUTS] str=
[SYSCALL_X=0150]
[SYSCALL_Y=00F0]
[SYSCALL_X=0150]
[SYSCALL_Y=00F0]
[SYSCALL_X=0150]
[SYSCALL_Y=00F0]
[SYSCALL_X=0150]
[SYSCALL_Y=00F0]
[SYSCALL_X=0150]
[SYSCALL_Y=00F0]
[SYSCALL_X=0150]
[SYSCALL_Y=00F0]
[SYSCALL_X=0150]
[SYSCALL_Y=00F0]
[SYSCALL_X=0150]
[SYSCALL_Y=00F0]
[SYSCALL_X=0150]
[SYSCALL_Y=00F0]
[SYSCALL_X=0150]
[SYSCALL_Y=00F0]
[SYSCALL_X=0150]
[SYSCALL_Y=00F0]
[SYSCALL_X=0150]
[SYSCALL_Y=00F0]
[SYSCALL_X=0150]
[SYSCALL_Y=00F0]
[SYSCALL_X=0150]
[SYSCALL_Y=00F0]
[SYSCALL_X=0150]
[SYSCALL_Y=00F0]
[SYSCALL_X=0150]
[SYSCALL_Y=00F0]
[SYSCALL_X=0150]
[SYSCALL_Y=00F0]
[SYSCALL_X=0150]
[SYSCALL_Y=00F0]
[SYSCALL_X=0150]
[SYSCALL_Y=00F0]
[SYSCALL_X=0150]
[SYSCALL_Y=00F0]
[SYSCALL_X=0150]
[SYSCALL_Y=00F0]
[SYSCALL_X=0150]
[SYSCALL_Y=00F0]
[SYSCALL_X=0150]
[SYSCALL_Y=00F0]
[SYSCALL_X=0150]
[SYSCALL_Y=00F0]
[SYSCALL_X=0150]
[SYSCALL_Y=00F0]
[SYSCALL_X=0150]
[SYSCALL_Y=00F0]
[SYSCALL_X=0150]
[SYSCALL_Y=00F0]
[SYSCALL_X=0150]
[SYSCALL_Y=00F0]
[SYSCALL_X=0150]
[SYSCALL_Y=00F0]
[SYSCALL_X=0150]
[SYSCALL_Y=00F0]
[SYSCALL_X=0150]
[SYSCALL_Y=00F0]
[SYSCALL_X=0150]
[SYSCALL_Y=00F0]
[SYSCALL_X=0150]
[SYSCALL_Y=00F0]
[SYSCALL_X=0150]
[SYSCALL_Y=00F0]
[SYSCALL_X=0150]
[SYSCALL_Y=00F0]
[SYSCALL_X=0150]
[SYSCALL_Y=00F0]
[SYSCALL_X=0150]
[SYSCALL_Y=00F0]
[SYSCALL_X=0150]
[SYSCALL_Y=00F0]
[SYSCALL_X=0150]
[SYSCALL_Y=00F0]
[SYSCALL_X=0150]
[SYSCALL_Y=00F0]
[SYSCALL_X=0150]
[SYSCALL_Y=00F0]
[SYSCALL_X=0150]
[SYSCALL_Y=00F0]
[SYSCALL_X=0150]
[SYSCALL_Y=00F0]
[SYSCALL_X=0150]
[SYSCALL_Y=00F0]
[SYSCALL_X=0150]
[SYSCALL_Y=00F0]
[SYSCALL_X=0150]
[SYSCALL_Y=00F0]
[SYSCALL_X=0150]
[SYSCALL_Y=00F0]
[SYSCALL_X=0150]
[SYSCALL_Y=00F0]
[SYSCALL_X=0150]
[SYSCALL_Y=00F0]
[SYSCALL_X=0150]
[SYSCALL_Y=00F0]
[SYSCALL_X=0150]
[SYSCALL_Y=00F0]
[SYSCALL_X=0150]
[SYSCALL_Y=00F0]
[SYSCALL_X=0150]
[SYSCALL_Y=00F0]
[SYSCALL_X=0150]
[SYSCALL_Y=00F0]
[SYSCALL_X=0150]
[SYSCALL_Y=00F0]
[SYSCALL_X=0150]
[SYSCALL_Y=00F0]
[SYSCALL_X=0150]
[SYSCALL_Y=00F0]
[SYSCALL_X=0150]
[SYSCALL_Y=00F0]
[SYSCALL_X=0150]
[SYSCALL_Y=00F0]
[SYSCALL_X=0150]
[SYSCALL_Y=00F0]
[SYSCALL_X=0150]
[SYSCALL_Y=00F0]
[SYSCALL_X=0150]
[SYSCALL_Y=00F0]
[SYSCALL_X=0150]
[SYSCALL_Y=00F0]
[SYSCALL_X=0150]
[SYSCALL_Y=00F0]
[SYSCALL_X=0150]
[SYSCALL_Y=00F0]
[SYSCALL_X=0150]
[SYSCALL_Y=00F0]
[SYSCALL_X=0150]
[SYSCALL_Y=00F0]
[SYSCALL_X=0254]
[SYSCALL_Y=01AE]
[SYSCALL_PUTS] str=[MOUSE_MOVED] X=[SYSCALL_PUTS] str=596[SYSCALL_PUTS] str= Y=[SYSCALL_PUTS] str=430[SYSCALL_PUTS] str=
[SYSCALL_X=02A2]
[SYSCALL_Y=01EE]
[SYSCALL_PUTS] str=[MOUSE_MOVED] X=[SYSCALL_PUTS] str=674[SYSCALL_PUTS] str= Y=[SYSCALL_PUTS] str=494[SYSCALL_PUTS] str=
[SYSCALL_X=02B8]
[SYSCALL_Y=0202]
[SYSCALL_PUTS] str=[MOUSE_MOVED] X=[SYSCALL_PUTS] str=696[SYSCALL_PUTS] str= Y=[SYSCALL_PUTS] str=514[SYSCALL_PUTS] str=
[SYSCALL_X=02B8]
[SYSCALL_Y=0202]
[SYSCALL_X=02D8]
[SYSCALL_Y=021E]
[SYSCALL_PUTS] str=[MOUSE_MOVED] X=[SYSCALL_PUTS] str=728[SYSCALL_PUTS] str= Y=[SYSCALL_PUTS] str=542[SYSCALL_PUTS] str=
[SYSCALL_X=02D8]
[SYSCALL_Y=021E]
[SYSCALL_X=02D8]
[SYSCALL_Y=021E]
[SYSCALL_X=02D8]
[SYSCALL_Y=021E]
[SYSCALL_X=02D8]
[SYSCALL_Y=021E]
[SYSCALL_X=02E6]
[SYSCALL_Y=022C]
[SYSCALL_PUTS] str=[MOUSE_MOVED] X=[SYSCALL_PUTS] str=742[SYSCALL_PUTS] str= Y=[SYSCALL_PUTS] str=556[SYSCALL_PUTS] str=
[SYSCALL_X=02E6]
[SYSCALL_Y=022C]
[SYSCALL_X=02E6]
[SYSCALL_Y=022C]
[SYSCALL_X=02E6]
[SYSCALL_Y=022C]
[SYSCALL_X=02E6]
[SYSCALL_Y=022C]
[SYSCALL_X=02EA]
[SYSCALL_Y=022E]
[SYSCALL_PUTS] str=[MOUSE_MOVED] X=[SYSCALL_PUTS] str=746[SYSCALL_PUTS] str= Y=[SYSCALL_PUTS] str=558[SYSCALL_PUTS] str=
[SYSCALL_X=02EA]
[SYSCALL_Y=0230]
[SYSCALL_PUTS] str=[MOUSE_MOVED] X=[SYSCALL_PUTS] str=746[SYSCALL_PUTS] str= Y=[SYSCALL_PUTS] str=560[SYSCALL_PUTS] str=
[SYSCALL_X=02EA]
[SYSCALL_Y=0230]
[SYSCALL_X=02EC]
[SYSCALL_Y=0232]
[SYSCALL_PUTS] str=[MOUSE_MOVED] X=[SYSCALL_PUTS] str=748[SYSCALL_PUTS] str= Y=[SYSCALL_PUTS] str=562[SYSCALL_PUTS] str=
[SYSCALL_X=02EC]
[SYSCALL_Y=0232]
[SYSCALL_X=02EC]
[SYSCALL_Y=0232]
[SYSCALL_X=02EC]
[SYSCALL_Y=0232]
[SYSCALL_X=02EC]
[SYSCALL_Y=0232]
[SYSCALL_X=02EC]
[SYSCALL_Y=0232]
[SYSCALL_X=02EC]
[SYSCALL_Y=0232]
[SYSCALL_X=02EC]
[SYSCALL_Y=0232]
[SYSCALL_X=02EC]
[SYSCALL_Y=0232]
[SYSCALL_X=02EC]
[SYSCALL_Y=0232]
[SYSCALL_X=02EC]
[SYSCALL_Y=0232]
[SYSCALL_X=02EC]
[SYSCALL_Y=0232]
[SYSCALL_X=02EC]
[SYSCALL_Y=0232]
[SYSCALL_X=02EC]
[SYSCALL_Y=0232]
[SYSCALL_X=02EC]
[SYSCALL_Y=0232]
[SYSCALL_X=02EC]
[SYSCALL_Y=0232]
[SYSCALL_X=02EC]
[SYSCALL_Y=0232]
[SYSCALL_X=02EC]
[SYSCALL_Y=0232]
[SYSCALL_X=02EC]
[SYSCALL_Y=0232]
[SYSCALL_X=02EC]
[SYSCALL_Y=0232]
[SYSCALL_X=02EC]
[SYSCALL_Y=0232]
[SYSCALL_X=02EC]
[SYSCALL_Y=0232]
[SYSCALL_X=02EC]
[SYSCALL_Y=0232]
[SYSCALL_X=02EC]
[SYSCALL_Y=0232]
[SYSCALL_X=02EC]
[SYSCALL_Y=0232]
[SYSCALL_X=02EC]
[SYSCALL_Y=0232]
[SYSCALL_X=02EC]
[SYSCALL_Y=0232]
[SYSCALL_X=02EC]
[SYSCALL_Y=0232]
[SYSCALL_X=02EC]
[SYSCALL_Y=0232]
[SYSCALL_X=02EC]
[SYSCALL_Y=0232]
[SYSCALL_X=02EC]
[SYSCALL_Y=0232]
[SYSCALL_X=02EC]
[SYSCALL_Y=0232]
[SYSCALL_X=02EC]
[SYSCALL_Y=0232]
[SYSCALL_X=02EC]
[SYSCALL_Y=0232]
[SYSCALL_X=02EC]
[SYSCALL_Y=0232]
[SYSCALL_X=0296]
[SYSCALL_Y=0126]
[SYSCALL_PUTS] str=[MOUSE_MOVED] X=[SYSCALL_PUTS] str=662[SYSCALL_PUTS] str= Y=[SYSCALL_PUTS] str=294[SYSCALL_PUTS] str=
[SYSCALL_X=01BC]
[SYSCALL_Y=0126]
[SYSCALL_PUTS] str=[MOUSE_MOVED] X=[SYSCALL_PUTS] str=444[SYSCALL_PUTS] str= Y=[SYSCALL_PUTS] str=294[SYSCALL_PUTS] str=
[SYSCALL_X=017E]
[SYSCALL_Y=00F4]
[SYSCALL_PUTS] str=[MOUSE_MOVED] X=[SYSCALL_PUTS] str=382[SYSCALL_PUTS] str= Y=[SYSCALL_PUTS] str=244[SYSCALL_PUTS] str=
[SYSCALL_X=0146]
[SYSCALL_Y=00C6]
[SYSCALL_PUTS] str=[MOUSE_MOVED] X=[SYSCALL_PUTS] str=326[SYSCALL_PUTS] str= Y=[SYSCALL_PUTS] str=198[SYSCALL_PUTS] str=
[SYSCALL_X=00DE]
[SYSCALL_Y=0078]
[SYSCALL_PUTS] str=[MOUSE_MOVED] X=[SYSCALL_PUTS] str=222[SYSCALL_PUTS] str= Y=[SYSCALL_PUTS] str=120[SYSCALL_PUTS] str=
[SYSCALL_X=00DE]
[SYSCALL_Y=0078]
[SYSCALL_X=0098]
[SYSCALL_Y=004C]
[SYSCALL_PUTS] str=[MOUSE_MOVED] X=[SYSCALL_PUTS] str=152[SYSCALL_PUTS] str= Y=[SYSCALL_PUTS] str=76[SYSCALL_PUTS] str=
[SYSCALL_X=005C]
[SYSCALL_Y=002C]
[SYSCALL_PUTS] str=[MOUSE_MOVED] X=[SYSCALL_PUTS] str=92[SYSCALL_PUTS] str= Y=[SYSCALL_PUTS] str=44[SYSCALL_PUTS] str=
[SYSCALL_X=0050]
[SYSCALL_Y=0024]
[SYSCALL_PUTS] str=[MOUSE_MOVED] X=[SYSCALL_PUTS] str=80[SYSCALL_PUTS] str= Y=[SYSCALL_PUTS] str=36[SYSCALL_PUTS] str=
[SYSCALL_X=0050]
[SYSCALL_Y=0024]
[SYSCALL_X=0048]
[SYSCALL_Y=001E]
[SYSCALL_PUTS] str=[MOUSE_MOVED] X=[SYSCALL_PUTS] str=72[SYSCALL_PUTS] str= Y=[SYSCALL_PUTS] str=30[SYSCALL_PUTS] str=
[SYSCALL_X=0048]
[SYSCALL_Y=001E]
[SYSCALL_X=0038]
[SYSCALL_Y=0016]
[SYSCALL_PUTS] str=[MOUSE_MOVED] X=[SYSCALL_PUTS] str=56[SYSCALL_PUTS] str= Y=[SYSCALL_PUTS] str=22[SYSCALL_PUTS] str=
[SYSCALL_X=0038]
[SYSCALL_Y=0016]
[SYSCALL_X=0030]
[SYSCALL_Y=0010]
[SYSCALL_PUTS] str=[MOUSE_MOVED] X=[SYSCALL_PUTS] str=48[SYSCALL_PUTS] str= Y=[SYSCALL_PUTS] str=16[SYSCALL_PUTS] str=
[SYSCALL_X=0028]
[SYSCALL_Y=000C]
[SYSCALL_PUTS] str=[MOUSE_MOVED] X=[SYSCALL_PUTS] str=40[SYSCALL_PUTS] str= Y=[SYSCALL_PUTS] str=12[SYSCALL_PUTS] str=
[SYSCALL_X=0028]
[SYSCALL_Y=000C]
[SYSCALL_X=0028]
[SYSCALL_Y=000C]
[SYSCALL_X=0026]
[SYSCALL_Y=000A]
[SYSCALL_PUTS] str=[MOUSE_MOVED] X=[SYSCALL_PUTS] str=38[SYSCALL_PUTS] str= Y=[SYSCALL_PUTS] str=10[SYSCALL_PUTS] str=
[SYSCALL_X=0026]
[SYSCALL_Y=0008]
[SYSCALL_PUTS] str=[MOUSE_MOVED] X=[SYSCALL_PUTS] str=38[SYSCALL_PUTS] str= Y=[SYSCALL_PUTS] str=8[SYSCALL_PUTS] str=
[SYSCALL_X=0026]
[SYSCALL_Y=0008]
[SYSCALL_X=0024]
[SYSCALL_Y=0008]
[SYSCALL_PUTS] str=[MOUSE_MOVED] X=[SYSCALL_PUTS] str=36[SYSCALL_PUTS] str= Y=[SYSCALL_PUTS] str=8[SYSCALL_PUTS] str=
[SYSCALL_X=0024]
[SYSCALL_Y=0008]
[SYSCALL_X=0024]
[SYSCALL_Y=0008]
[SYSCALL_X=0024]
[SYSCALL_Y=0008]
[SYSCALL_X=0024]
[SYSCALL_Y=0008]
[SYSCALL_X=0024]
[SYSCALL_Y=0008]
[SYSCALL_X=0024]
[SYSCALL_Y=0008]
[SYSCALL_X=0024]
[SYSCALL_Y=0008]
[POLL] status=1C slave_pic=EF IRQ12_masked=00
[SYSCALL_X=0024]
[SYSCALL_Y=0008]
[SYSCALL_X=0024]
[SYSCALL_Y=0008]
[SYSCALL_X=0024]
[SYSCALL_Y=0008]
[SYSCALL_X=0024]
[SYSCALL_Y=0008]
[SYSCALL_X=0024]
[SYSCALL_Y=0008]
[SYSCALL_X=0024]
[SYSCALL_Y=0008]
[SYSCALL_X=0024]
[SYSCALL_Y=0008]
[SYSCALL_X=0024]
[SYSCALL_Y=0008]
[SYSCALL_X=0024]
[SYSCALL_Y=0008]
[SYSCALL_X=0024]
[SYSCALL_Y=0008]
[SYSCALL_X=0024]
[SYSCALL_Y=0008]
[SYSCALL_X=0024]
[SYSCALL_Y=0008]
[SYSCALL_X=0024]
[SYSCALL_Y=0008]
[SYSCALL_X=0024]
[SYSCALL_Y=0008]
[SYSCALL_X=0024]
[SYSCALL_Y=0008]
[SYSCALL_X=0024]
[SYSCALL_Y=0008]
[SYSCALL_X=0024]
[SYSCALL_Y=0008]
[SYSCALL_X=0024]
[SYSCALL_Y=0008]
[SYSCALL_X=0024]
[SYSCALL_Y=0008]
[SYSCALL_X=0024]
[SYSCALL_Y=0008]
[SYSCALL_X=003A]
[SYSCALL_Y=0016]
[SYSCALL_PUTS] str=[MOUSE_MOVED] X=[SYSCALL_PUTS] str=58[SYSCALL_PUTS] str= Y=[SYSCALL_PUTS] str=22[SYSCALL_PUTS] str=
[SYSCALL_X=0050]
[SYSCALL_Y=0024]
[SYSCALL_PUTS] str=[MOUSE_MOVED] X=[SYSCALL_PUTS] str=80[SYSCALL_PUTS] str= Y=[SYSCALL_PUTS] str=36[SYSCALL_PUTS] str=
[SYSCALL_X=010E]
[SYSCALL_Y=00A4]
[SYSCALL_PUTS] str=[MOUSE_MOVED] X=[SYSCALL_PUTS] str=270[SYSCALL_PUTS] str= Y=[SYSCALL_PUTS] str=164[SYSCALL_PUTS] str=
[SYSCALL_X=010E]
[SYSCALL_Y=00A4]
[SYSCALL_X=010E]
[SYSCALL_Y=00A4]
[SYSCALL_X=010E]
[SYSCALL_Y=00A4]
[SYSCALL_X=010E]
[SYSCALL_Y=00A4]
[SYSCALL_X=01D6]
[SYSCALL_Y=012E]
[SYSCALL_PUTS] str=[MOUSE_MOVED] X=[SYSCALL_PUTS] str=470[SYSCALL_PUTS] str= Y=[SYSCALL_PUTS] str=302[SYSCALL_PUTS] str=
[SYSCALL_X=01D6]
[SYSCALL_Y=012E]
[SYSCALL_X=01D6]
[SYSCALL_Y=012E]
[SYSCALL_X=01D6]
[SYSCALL_Y=012E]
[SYSCALL_X=01D6]
[SYSCALL_Y=012E]
[SYSCALL_X=01D6]
[SYSCALL_Y=012E]
[SYSCALL_X=022C]
[SYSCALL_Y=016E]
[SYSCALL_PUTS] str=[MOUSE_MOVED] X=[SYSCALL_PUTS] str=556[SYSCALL_PUTS] str= Y=[SYSCALL_PUTS] str=366[SYSCALL_PUTS] str=
[SYSCALL_X=022C]
[SYSCALL_Y=016E]
[SYSCALL_X=022C]
[SYSCALL_Y=016E]
[SYSCALL_X=0242]
[SYSCALL_Y=017C]
[SYSCALL_PUTS] str=[MOUSE_MOVED] X=[SYSCALL_PUTS] str=578[SYSCALL_PUTS] str= Y=[SYSCALL_PUTS] str=380[SYSCALL_PUTS] str=
[SYSCALL_X=0242]
[SYSCALL_Y=017C]
[SYSCALL_X=0242]
[SYSCALL_Y=017C]
[SYSCALL_X=0246]
[SYSCALL_Y=017E]
[SYSCALL_PUTS] str=[MOUSE_MOVED] X=[SYSCALL_PUTS] str=582[SYSCALL_PUTS] str= Y=[SYSCALL_PUTS] str=382[SYSCALL_PUTS] str=
[SYSCALL_X=0246]
[SYSCALL_Y=017E]
[SYSCALL_X=0246]
[SYSCALL_Y=017E]
[SYSCALL_X=0246]
[SYSCALL_Y=017E]
[SYSCALL_X=0246]
[SYSCALL_Y=0180]
[SYSCALL_PUTS] str=[MOUSE_MOVED] X=[SYSCALL_PUTS] str=582[SYSCALL_PUTS] str= Y=[SYSCALL_PUTS] str=384[SYSCALL_PUTS] str=
[SYSCALL_X=0246]
[SYSCALL_Y=0180]
[SYSCALL_X=0246]
[SYSCALL_Y=0180]
[SYSCALL_X=0246]
[SYSCALL_Y=0180]
[SYSCALL_X=0246]
[SYSCALL_Y=0180]
[SYSCALL_X=0246]
[SYSCALL_Y=0180]
[SYSCALL_X=0246]
[SYSCALL_Y=0180]
[SYSCALL_X=0246]
[SYSCALL_Y=0180]
[SYSCALL_X=0246]
[SYSCALL_Y=0180]
[SYSCALL_X=0246]
[SYSCALL_Y=0180]
[SYSCALL_X=0246]
[SYSCALL_Y=0180]
[SYSCALL_X=0246]
[SYSCALL_Y=0180]
[SYSCALL_X=0246]
[SYSCALL_Y=0180]
[SYSCALL_X=0246]
[SYSCALL_Y=0180]
[SYSCALL_X=0246]
[SYSCALL_Y=0180]
[SYSCALL_X=0246]
[SYSCALL_Y=0180]
[SYSCALL_X=0246]
[SYSCALL_Y=0180]
[SYSCALL_X=0246]
[SYSCALL_Y=0180]
[SYSCALL_X=0246]
[SYSCALL_Y=0180]
[SYSCALL_X=0246]
[SYSCALL_Y=0180]
[SYSCALL_X=0246]
[SYSCALL_Y=0180]
[SYSCALL_X=0246]
[SYSCALL_Y=0180]
[SYSCALL_X=0246]
[SYSCALL_Y=0180]
[SYSCALL_X=0246]
[SYSCALL_Y=0180]
[SYSCALL_X=0246]
[SYSCALL_Y=0180]
[SYSCALL_X=0246]
[SYSCALL_Y=0180]
[SYSCALL_X=0246]
[SYSCALL_Y=0180]
[SYSCALL_X=0246]
[SYSCALL_Y=0180]
[SYSCALL_X=0246]
[SYSCALL_Y=0180]
[SYSCALL_X=0246]
[SYSCALL_Y=0180]
[SYSCALL_X=0246]
[SYSCALL_Y=0180]
[SYSCALL_X=0246]
[SYSCALL_Y=0180]
[SYSCALL_X=0246]
[SYSCALL_Y=0180]
[SYSCALL_X=02B8]
[SYSCALL_Y=00D8]
[SYSCALL_PUTS] str=[MOUSE_MOVED] X=[SYSCALL_PUTS] str=696[SYSCALL_PUTS] str= Y=[SYSCALL_PUTS] str=216[SYSCALL_PUTS] str=
[SYSCALL_X=0310]
[SYSCALL_Y=004A]
[SYSCALL_PUTS] str=[MOUSE_MOVED] X=[SYSCALL_PUTS] str=784[SYSCALL_PUTS] str= Y=[SYSCALL_PUTS] str=74[SYSCALL_PUTS] str=
[SYSCALL_X=0310]
[SYSCALL_Y=0000]
[SYSCALL_PUTS] str=[MOUSE_MOVED] X=[SYSCALL_PUTS] str=784[SYSCALL_PUTS] str= Y=[SYSCALL_PUTS] str=0[SYSCALL_PUTS] str=
[SYSCALL_X=0348]
[SYSCALL_Y=0000]
[SYSCALL_PUTS] str=[MOUSE_MOVED] X=[SYSCALL_PUTS] str=840[SYSCALL_PUTS] str= Y=[SYSCALL_PUTS] str=0[SYSCALL_PUTS] str=
[SYSCALL_X=0348]
[SYSCALL_Y=0000]
[SYSCALL_X=03C6]
[SYSCALL_Y=0000]
[SYSCALL_PUTS] str=[MOUSE_MOVED] X=[SYSCALL_PUTS] str=966[SYSCALL_PUTS] str= Y=[SYSCALL_PUTS] str=0[SYSCALL_PUTS] str=
[SYSCALL_X=03C6]
[SYSCALL_Y=0000]
[SYSCALL_X=03C6]
[SYSCALL_Y=0000]
[SYSCALL_X=03C6]
[SYSCALL_Y=0000]
[SYSCALL_X=03C6]
[SYSCALL_Y=0000]
[SYSCALL_X=03C6]
[SYSCALL_Y=0000]
[SYSCALL_X=03C6]
[SYSCALL_Y=0000]
[SYSCALL_X=03C6]
[SYSCALL_Y=0000]
[SYSCALL_X=03C6]
[SYSCALL_Y=0000]
[SYSCALL_X=03C6]
[SYSCALL_Y=0000]
[SYSCALL_X=03C6]
[SYSCALL_Y=0000]
[SYSCALL_X=03C6]
[SYSCALL_Y=0000]
[SYSCALL_X=03C6]
[SYSCALL_Y=0000]
[SYSCALL_X=03C6]
[SYSCALL_Y=0000]
[SYSCALL_X=03C6]
[SYSCALL_Y=0000]
[SYSCALL_X=03C6]
[SYSCALL_Y=0000]
[SYSCALL_X=03C6]
[SYSCALL_Y=0000]
[SYSCALL_X=03C6]
[SYSCALL_Y=0000]
[SYSCALL_X=03C6]
[SYSCALL_Y=0000]
[SYSCALL_X=03C6]
[SYSCALL_Y=0000]
[SYSCALL_X=03C6]
[SYSCALL_Y=0000]
[SYSCALL_X=03C6]
[SYSCALL_Y=0000]
[SYSCALL_X=03C6]
[SYSCALL_Y=0000]
[SYSCALL_X=03C6]
[SYSCALL_Y=0000]
[SYSCALL_X=03C6]
[SYSCALL_Y=0000]
[SYSCALL_X=03C6]
[SYSCALL_Y=0000]
[SYSCALL_X=03C6]
[SYSCALL_Y=0000]
[SYSCALL_X=03C6]
[SYSCALL_Y=0000]
[SYSCALL_X=03C6]
[SYSCALL_Y=0000]
[SYSCALL_X=03C6]
[SYSCALL_Y=0000]
[SYSCALL_X=03C6]
[SYSCALL_Y=0000]
[SYSCALL_X=03C6]
[SYSCALL_Y=0000]
[SYSCALL_X=03C6]
[SYSCALL_Y=0000]
[SYSCALL_X=03C6]
[SYSCALL_Y=0000]
[SYSCALL_X=03C6]
[SYSCALL_Y=0000]
[SYSCALL_X=03C6]
[SYSCALL_Y=0000]
[SYSCALL_X=03C6]
[SYSCALL_Y=0000]
[SYSCALL_X=03C6]
[SYSCALL_Y=0000]
[SYSCALL_X=03C6]
[SYSCALL_Y=0000]
[SYSCALL_X=03C6]
[SYSCALL_Y=0000]
[SYSCALL_X=03C6]
[SYSCALL_Y=0000]
[SYSCALL_X=03C6]
[SYSCALL_Y=0000]
[SYSCALL_X=03C6]
[SYSCALL_Y=0000]
[SYSCALL_X=03C6]
[SYSCALL_Y=0000]
[SYSCALL_X=03C6]
[SYSCALL_Y=0000]
[SYSCALL_X=03C6]
[SYSCALL_Y=0000]
[SYSCALL_X=03C6]
[SYSCALL_Y=0000]
[POLL] status=1C slave_pic=EF IRQ12_masked=00
[SYSCALL_X=03C6]
[SYSCALL_Y=0000]
[SYSCALL_X=03C6]
[SYSCALL_Y=0000]
[SYSCALL_X=03C6]
[SYSCALL_Y=0000]
[SYSCALL_X=03C6]
[SYSCALL_Y=0000]
[SYSCALL_X=03AA]
[SYSCALL_Y=0024]
[SYSCALL_PUTS] str=[MOUSE_MOVED] X=[SYSCALL_PUTS] str=938[SYSCALL_PUTS] str= Y=[SYSCALL_PUTS] str=36[SYSCALL_PUTS] str=
[SYSCALL_X=0380]
[SYSCALL_Y=004C]
[SYSCALL_PUTS] str=[MOUSE_MOVED] X=[SYSCALL_PUTS] str=896[SYSCALL_PUTS] str= Y=[SYSCALL_PUTS] str=76[SYSCALL_PUTS] str=
[SYSCALL_X=02B4]
[SYSCALL_Y=00F6]
[SYSCALL_PUTS] str=[MOUSE_MOVED] X=[SYSCALL_PUTS] str=692[SYSCALL_PUTS] str= Y=[SYSCALL_PUTS] str=246[SYSCALL_PUTS] str=
[SYSCALL_X=0278]
[SYSCALL_Y=0120]
[SYSCALL_PUTS] str=[MOUSE_MOVED] X=[SYSCALL_PUTS] str=632[SYSCALL_PUTS] str= Y=[SYSCALL_PUTS] str=288[SYSCALL_PUTS] str=
[SYSCALL_X=0250]
[SYSCALL_Y=013E]
[SYSCALL_PUTS] str=[MOUSE_MOVED] X=[SYSCALL_PUTS] str=592[SYSCALL_PUTS] str= Y=[SYSCALL_PUTS] str=318[SYSCALL_PUTS] str=
[SYSCALL_X=0250]
[SYSCALL_Y=013E]
[SYSCALL_X=01EE]
[SYSCALL_Y=0194]
[SYSCALL_PUTS] str=[MOUSE_MOVED] X=[SYSCALL_PUTS] str=494[SYSCALL_PUTS] str= Y=[SYSCALL_PUTS] str=404[SYSCALL_PUTS] str=
[SYSCALL_X=01C8]
[SYSCALL_Y=01B4]
[SYSCALL_PUTS] str=[MOUSE_MOVED] X=[SYSCALL_PUTS] str=456[SYSCALL_PUTS] str= Y=[SYSCALL_PUTS] str=436[SYSCALL_PUTS] str=
[SYSCALL_X=01A0]
[SYSCALL_Y=01DC]
[SYSCALL_PUTS] str=[MOUSE_MOVED] X=[SYSCALL_PUTS] str=416[SYSCALL_PUTS] str= Y=[SYSCALL_PUTS] str=476[SYSCALL_PUTS] str=
[SYSCALL_X=0192]
[SYSCALL_Y=01EA]
[SYSCALL_PUTS] str=[MOUSE_MOVED] X=[SYSCALL_PUTS] str=402[SYSCALL_PUTS] str= Y=[SYSCALL_PUTS] str=490[SYSCALL_PUTS] str=
[SYSCALL_X=0192]
[SYSCALL_Y=01EA]
[SYSCALL_X=0186]
[SYSCALL_Y=01F2]
[SYSCALL_PUTS] str=[MOUSE_MOVED] X=[SYSCALL_PUTS] str=390[SYSCALL_PUTS] str= Y=[SYSCALL_PUTS] str=498[SYSCALL_PUTS] str=
[SYSCALL_X=0186]
[SYSCALL_Y=01F2]
[SYSCALL_X=0184]
[SYSCALL_Y=01F6]
[SYSCALL_PUTS] str=[MOUSE_MOVED] X=[SYSCALL_PUTS] str=388[SYSCALL_PUTS] str= Y=[SYSCALL_PUTS] str=502[SYSCALL_PUTS] str=
[SYSCALL_X=0184]
[SYSCALL_Y=01F6]
[SYSCALL_X=0184]
[SYSCALL_Y=01F6]
[SYSCALL_X=0182]
[SYSCALL_Y=01F6]
[SYSCALL_PUTS] str=[MOUSE_MOVED] X=[SYSCALL_PUTS] str=386[SYSCALL_PUTS] str= Y=[SYSCALL_PUTS] str=502[SYSCALL_PUTS] str=
[SYSCALL_X=0182]
[SYSCALL_Y=01F6]
[SYSCALL_X=0182]
[SYSCALL_Y=01F6]
[SYSCALL_X=0182]
[SYSCALL_Y=01F6]
[SYSCALL_X=0182]
[SYSCALL_Y=01F6]
[SYSCALL_X=0182]
[SYSCALL_Y=01F6]
[SYSCALL_X=0182]
[SYSCALL_Y=01F6]
[SYSCALL_X=0182]
[SYSCALL_Y=01F6]
[SYSCALL_X=0182]
[SYSCALL_Y=01F6]
[SYSCALL_X=0182]
[SYSCALL_Y=01F6]
[SYSCALL_X=0194]
[SYSCALL_Y=01E2]
[SYSCALL_PUTS] str=[MOUSE_MOVED] X=[SYSCALL_PUTS] str=404[SYSCALL_PUTS] str= Y=[SYSCALL_PUTS] str=482[SYSCALL_PUTS] str=
[SYSCALL_X=02F0]
[SYSCALL_Y=0134]
[SYSCALL_PUTS] str=[MOUSE_MOVED] X=[SYSCALL_PUTS] str=752[SYSCALL_PUTS] str= Y=[SYSCALL_PUTS] str=308[SYSCALL_PUTS] str=
[SYSCALL_X=02F0]
[SYSCALL_Y=0134]
[SYSCALL_X=02F0]
[SYSCALL_Y=0134]
[SYSCALL_X=02F0]
[SYSCALL_Y=0134]
[SYSCALL_X=0356]
[SYSCALL_Y=011A]
[SYSCALL_PUTS] str=[MOUSE_MOVED] X=[SYSCALL_PUTS] str=854[SYSCALL_PUTS] str= Y=[SYSCALL_PUTS] str=282[SYSCALL_PUTS] str=
[SYSCALL_X=0356]
[SYSCALL_Y=011A]
[SYSCALL_X=03FF]
[SYSCALL_Y=00CE]
[SYSCALL_PUTS] str=[MOUSE_MOVED] X=[SYSCALL_PUTS] str=1023[SYSCALL_PUTS] str= Y=[SYSCALL_PUTS] str=206[SYSCALL_PUTS] str=
[SYSCALL_X=03FF]
[SYSCALL_Y=00CE]
[SYSCALL_X=03FF]
[SYSCALL_Y=00CE]
[SYSCALL_X=03FF]
[SYSCALL_Y=00CE]
[SYSCALL_X=03FF]
[SYSCALL_Y=00CE]
[SYSCALL_X=03FF]
[SYSCALL_Y=0088]
[SYSCALL_PUTS] str=[MOUSE_MOVED] X=[SYSCALL_PUTS] str=1023[SYSCALL_PUTS] str= Y=[SYSCALL_PUTS] str=136[SYSCALL_PUTS] str=
[SYSCALL_X=03FF]
[SYSCALL_Y=0088]
[SYSCALL_X=03FF]
[SYSCALL_Y=0040]
[SYSCALL_PUTS] str=[MOUSE_MOVED] X=[SYSCALL_PUTS] str=1023[SYSCALL_PUTS] str= Y=[SYSCALL_PUTS] str=64[SYSCALL_PUTS] str=
[SYSCALL_X=03FF]
[SYSCALL_Y=0040]
[SYSCALL_X=03FF]
[SYSCALL_Y=0040]
[SYSCALL_X=03FF]
[SYSCALL_Y=0040]
[SYSCALL_X=03FF]
[SYSCALL_Y=0040]
[SYSCALL_X=03FF]
[SYSCALL_Y=0040]
[SYSCALL_X=03FF]
[SYSCALL_Y=002E]
[SYSCALL_PUTS] str=[MOUSE_MOVED] X=[SYSCALL_PUTS] str=1023[SYSCALL_PUTS] str= Y=[SYSCALL_PUTS] str=46[SYSCALL_PUTS] str=
[SYSCALL_X=03FF]
[SYSCALL_Y=002E]
[SYSCALL_X=03FF]
[SYSCALL_Y=002E]
[SYSCALL_X=03FF]
[SYSCALL_Y=002E]
[SYSCALL_X=03FF]
[SYSCALL_Y=002E]
[SYSCALL_X=03FF]
[SYSCALL_Y=001E]
[SYSCALL_PUTS] str=[MOUSE_MOVED] X=[SYSCALL_PUTS] str=1023[SYSCALL_PUTS] str= Y=[SYSCALL_PUTS] str=30[SYSCALL_PUTS] str=
[SYSCALL_X=03FF]
[SYSCALL_Y=001E]
[SYSCALL_X=03FF]
[SYSCALL_Y=001E]
[SYSCALL_X=03FF]
[SYSCALL_Y=001E]
[SYSCALL_X=03FF]
[SYSCALL_Y=000C]
[SYSCALL_PUTS] str=[MOUSE_MOVED] X=[SYSCALL_PUTS] str=1023[SYSCALL_PUTS] str= Y=[SYSCALL_PUTS] str=12[SYSCALL_PUTS] str=
[SYSCALL_X=03FF]
[SYSCALL_Y=000C]
[SYSCALL_X=03FF]
[SYSCALL_Y=000C]
[SYSCALL_X=03FF]
[SYSCALL_Y=000C]
[SYSCALL_X=03FF]
[SYSCALL_Y=000C]
[SYSCALL_X=03FF]
[SYSCALL_Y=000C]
[SYSCALL_X=03FF]
[SYSCALL_Y=000C]
[SYSCALL_X=03FF]
[SYSCALL_Y=000C]
[SYSCALL_X=03FF]
[SYSCALL_Y=000C]
[SYSCALL_X=03FF]
[SYSCALL_Y=000C]
[SYSCALL_X=03FF]
[SYSCALL_Y=000C]
[SYSCALL_X=03FF]
[SYSCALL_Y=000C]
[SYSCALL_X=03FF]
[SYSCALL_Y=000C]
[SYSCALL_X=03FF]
[SYSCALL_Y=000C]
[SYSCALL_X=03FF]
[SYSCALL_Y=000C]
[SYSCALL_X=03FF]
[SYSCALL_Y=000C]
[SYSCALL_X=03FF]
[SYSCALL_Y=000C]
[SYSCALL_X=03FF]
[SYSCALL_Y=000C]
[SYSCALL_X=03FF]
[SYSCALL_Y=000C]
[SYSCALL_X=03FF]
[SYSCALL_Y=000C]
[SYSCALL_X=03FF]
[SYSCALL_Y=000C]
[SYSCALL_X=03FF]
[SYSCALL_Y=000C]
[SYSCALL_X=03FF]
[SYSCALL_Y=000C]
[SYSCALL_X=03FF]
[SYSCALL_Y=000C]
[SYSCALL_X=03FF]
[SYSCALL_Y=000C]
[SYSCALL_X=03FF]
[SYSCALL_Y=000C]
[SYSCALL_X=03FF]
[SYSCALL_Y=000C]
[SYSCALL_X=03FF]
[SYSCALL_Y=000C]
[SYSCALL_X=03FF]
[SYSCALL_Y=000C]
[SYSCALL_X=03FF]
[SYSCALL_Y=000C]
[SYSCALL_X=03FF]
[SYSCALL_Y=000C]
[SYSCALL_X=03FF]
[SYSCALL_Y=000C]
[SYSCALL_X=03FF]
[SYSCALL_Y=000C]
[SYSCALL_X=03FF]
[SYSCALL_Y=000C]
[SYSCALL_X=03FF]
[SYSCALL_Y=000C]
[SYSCALL_X=03FF]
[SYSCALL_Y=000C]
[SYSCALL_X=03FF]
[SYSCALL_Y=000C]
[SYSCALL_X=03FF]
[SYSCALL_Y=000C]
[SYSCALL_X=03FF]
[SYSCALL_Y=000C]
[SYSCALL_X=03FF]
[SYSCALL_Y=000C]
[SYSCALL_X=03FF]
[SYSCALL_Y=000C]
[SYSCALL_X=03FF]
[SYSCALL_Y=000C]
[SYSCALL_X=03FF]
[SYSCALL_Y=000C]
[SYSCALL_X=03FF]
[SYSCALL_Y=000C]
[SYSCALL_X=03FF]
[SYSCALL_Y=000C]
[SYSCALL_X=03FF]
[SYSCALL_Y=000C]
[SYSCALL_X=03FF]
[SYSCALL_Y=000C]
[SYSCALL_X=03FF]
[SYSCALL_Y=000C]
[SYSCALL_X=03FF]
[SYSCALL_Y=000C]
[SYSCALL_X=03FF]
[SYSCALL_Y=000C]
[SYSCALL_X=03FF]
[SYSCALL_Y=000C]
[SYSCALL_X=03FF]
[SYSCALL_Y=000C]
[SYSCALL_X=03FF]
[SYSCALL_Y=000C]
[SYSCALL_X=03FF]
[SYSCALL_Y=000C]
[SYSCALL_X=03FF]
[SYSCALL_Y=000C]
[SYSCALL_X=03FF]
[SYSCALL_Y=000C]
[SYSCALL_X=03FF]
[SYSCALL_Y=000C]
[SYSCALL_X=03FF]
[SYSCALL_Y=000C]
[SYSCALL_X=03FF]
[SYSCALL_Y=000C]
[SYSCALL_X=03FF]
[SYSCALL_Y=000C]
[SYSCALL_X=03FF]
[SYSCALL_Y=000C]
[SYSCALL_X=03FF]
[SYSCALL_Y=000C]
[SYSCALL_X=03FF]
[SYSCALL_Y=000C]
[SYSCALL_X=03FF]
[SYSCALL_Y=000C]
[SYSCALL_X=03FF]
[SYSCALL_Y=000C]
[SYSCALL_X=03FF]
[SYSCALL_Y=000C]
[SYSCALL_X=03FF]
[SYSCALL_Y=000C]
[SYSCALL_X=03FF]
[SYSCALL_Y=000C]
[SYSCALL_X=03FF]
[SYSCALL_Y=000C]
[SYSCALL_X=03FF]
[SYSCALL_Y=000C]
[SYSCALL_X=03FF]
[SYSCALL_Y=000C]
[SYSCALL_X=03FF]
[SYSCALL_Y=000C]
[SYSCALL_X=03FF]
[SYSCALL_Y=000C]
[SYSCALL_X=03FF]
[SYSCALL_Y=000C]
[SYSCALL_X=03FF]
[SYSCALL_Y=000C]
[SYSCALL_X=03FF]
[SYSCALL_Y=000C]
[SYSCALL_X=03FF]
[SYSCALL_Y=000C]
[SYSCALL_X=03FF]
[SYSCALL_Y=000C]
[SYSCALL_X=03FF]
[SYSCALL_Y=000C]
[SYSCALL_X=03FF]
[SYSCALL_Y=000C]
[SYSCALL_X=03FF]
[SYSCALL_Y=000C]
[SYSCALL_X=03FF]
[SYSCALL_Y=000C]
[SYSCALL_X=03FF]
[SYSCALL_Y=000C]
[POLL] status=1C slave_pic=EF IRQ12_masked=00
[SYSCALL_X=03FF]
[SYSCALL_Y=000C]
[SYSCALL_X=03FF]
[SYSCALL_Y=000C]
[SYSCALL_X=03FF]
[SYSCALL_Y=000C]
[SYSCALL_X=03FF]
[SYSCALL_Y=000C]
[SYSCALL_X=03FF]
[SYSCALL_Y=000C]
[SYSCALL_X=03FF]
[SYSCALL_Y=000C]
[SYSCALL_X=03FF]
[SYSCALL_Y=000C]
[SYSCALL_X=03FF]
[SYSCALL_Y=000C]
[SYSCALL_X=03FF]
[SYSCALL_Y=000C]
[SYSCALL_X=03FF]
[SYSCALL_Y=000C]
[SYSCALL_X=03FF]
[SYSCALL_Y=000C]
[SYSCALL_X=03FF]
[SYSCALL_Y=000C]
[SYSCALL_X=03FF]
[SYSCALL_Y=000C]
[SYSCALL_X=03FF]
[SYSCALL_Y=000C]
[SYSCALL_X=03FF]
[SYSCALL_Y=000C]
[SYSCALL_X=03FF]
[SYSCALL_Y=000C]
[SYSCALL_X=03FF]
[SYSCALL_Y=000C]
[SYSCALL_X=03FF]
[SYSCALL_Y=000C]
[SYSCALL_X=03FF]
[SYSCALL_Y=000C]
[SYSCALL_X=03FF]
[SYSCALL_Y=000C]
[SYSCALL_X=03FF]
[SYSCALL_Y=000C]
[SYSCALL_X=03FF]
[SYSCALL_Y=000C]
[SYSCALL_X=03FF]
[SYSCALL_Y=000C]
[SYSCALL_X=03FF]
[SYSCALL_Y=000C]
[SYSCALL_X=03FF]
[SYSCALL_Y=000C]
[SYSCALL_X=03FF]
[SYSCALL_Y=000C]
[SYSCALL_X=03FF]
[SYSCALL_Y=000C]
[SYSCALL_X=03FF]
[SYSCALL_Y=000C]
[SYSCALL_X=03FF]
[SYSCALL_Y=000C]
[SYSCALL_X=03FF]
[SYSCALL_Y=000C]
[SYSCALL_X=03FF]
[SYSCALL_Y=000C]
[SYSCALL_X=03FF]
[SYSCALL_Y=000C]
[SYSCALL_X=03FF]
[SYSCALL_Y=000C]
[SYSCALL_X=03FF]
[SYSCALL_Y=000C]
[SYSCALL_X=03FF]
[SYSCALL_Y=000C]
[SYSCALL_X=03FF]
[SYSCALL_Y=000C]
[SYSCALL_X=03FF]
[SYSCALL_Y=000C]
[SYSCALL_X=03FF]
[SYSCALL_Y=000C]
[SYSCALL_X=03FF]
[SYSCALL_Y=000C]
[SYSCALL_X=03FF]
[SYSCALL_Y=000C]
[SYSCALL_X=03FF]
[SYSCALL_Y=000C]
[SYSCALL_X=03FF]
[SYSCALL_Y=000C]
[SYSCALL_X=03FF]
[SYSCALL_Y=000C]
[SYSCALL_X=03FF]
[SYSCALL_Y=000C]
[SYSCALL_X=03FF]
[SYSCALL_Y=000C]
[SYSCALL_X=03FF]
[SYSCALL_Y=000C]
[SYSCALL_X=03FF]
[SYSCALL_Y=000C]
[SYSCALL_X=03FF]
[SYSCALL_Y=000C]
[SYSCALL_X=03FF]
[SYSCALL_Y=000C]
[SYSCALL_X=03FF]
[SYSCALL_Y=000C]
[SYSCALL_X=03FF]
[SYSCALL_Y=000C]
[SYSCALL_X=03FF]
[SYSCALL_Y=000C]
[SYSCALL_X=03FF]
[SYSCALL_Y=000C]
[SYSCALL_X=03FF]
[SYSCALL_Y=000C]
[SYSCALL_X=03FF]
[SYSCALL_Y=000C]
[SYSCALL_X=03FF]
[SYSCALL_Y=000C]
[SYSCALL_X=03FF]
[SYSCALL_Y=000C]
[SYSCALL_X=03FF]
[SYSCALL_Y=000C]
[SYSCALL_X=03FF]
[SYSCALL_Y=000C]
[SYSCALL_X=03FF]
[SYSCALL_Y=000C]
[SYSCALL_X=03FF]
[SYSCALL_Y=000C]
[SYSCALL_X=03FF]
[SYSCALL_Y=000C]
[SYSCALL_X=03FF]
[SYSCALL_Y=000C]
[SYSCALL_X=03FF]
[SYSCALL_Y=000C]
[SYSCALL_X=03FF]
[SYSCALL_Y=000C]
[SYSCALL_X=03FF]
[SYSCALL_Y=000C]
[SYSCALL_X=03FF]
[SYSCALL_Y=000C]
[SYSCALL_X=03FF]
[SYSCALL_Y=000C]
[SYSCALL_X=03FF]
[SYSCALL_Y=000C]
[SYSCALL_X=03FF]
[SYSCALL_Y=000C]
[SYSCALL_X=03FF]
[SYSCALL_Y=000C]
[SYSCALL_X=03FF]
[SYSCALL_Y=000C]
[SYSCALL_X=03FF]
[SYSCALL_Y=000C]
[SYSCALL_X=03FF]
[SYSCALL_Y=000C]
[SYSCALL_X=03FF]
[SYSCALL_Y=000C]
[SYSCALL_X=03FF]
[SYSCALL_Y=000C]
[SYSCALL_X=03FF]
[SYSCALL_Y=000C]
[SYSCALL_X=03FF]
[SYSCALL_Y=000C]
[SYSCALL_X=03FF]
[SYSCALL_Y=000C]
[SYSCALL_X=03FF]
[SYSCALL_Y=000C]
[SYSCALL_X=03FF]
[SYSCALL_Y=000C]
[SYSCALL_X=03FF]
[SYSCALL_Y=000C]
[SYSCALL_X=03FF]
[SYSCALL_Y=000C]
[SYSCALL_X=03FF]
[SYSCALL_Y=000C]
[SYSCALL_X=03FF]
[SYSCALL_Y=000C]
[SYSCALL_X=03FF]
[SYSCALL_Y=000C]
[SYSCALL_X=03FF]
[SYSCALL_Y=000C]
[SYSCALL_X=03FF]
[SYSCALL_Y=000C]
[SYSCALL_X=03FF]
[SYSCALL_Y=000C]
[SYSCALL_X=03FF]
[SYSCALL_Y=000C]
[SYSCALL_X=03FF]
[SYSCALL_Y=000C]
[SYSCALL_X=03FF]
[SYSCALL_Y=000C]
[SYSCALL_X=03FF]
[SYSCALL_Y=000C]
[SYSCALL_X=03FF]
[SYSCALL_Y=000C]
[SYSCALL_X=03FF]
[SYSCALL_Y=000C]
[SYSCALL_X=03FF]
[SYSCALL_Y=000C]
[SYSCALL_X=03FF]
[SYSCALL_Y=000C]
[SYSCALL_X=03FF]
[SYSCALL_Y=000C]
[SYSCALL_X=03FF]
[SYSCALL_Y=000C]
[SYSCALL_X=03FF]
[SYSCALL_Y=000C]
[POLL] status=1C slave_pic=EF IRQ12_masked=00
[SYSCALL_X=03FF]
[SYSCALL_Y=000C]
[SYSCALL_X=03FF]
[SYSCALL_Y=000C]
[SYSCALL_X=03FF]
[SYSCALL_Y=000C]
[SYSCALL_X=03FF]
[SYSCALL_Y=000C]
[SYSCALL_X=03FF]
[SYSCALL_Y=000C]
[SYSCALL_X=03FF]
[SYSCALL_Y=000C]
[SYSCALL_X=03FF]
[SYSCALL_Y=000C]
[SYSCALL_X=03FF]
[SYSCALL_Y=000C]
[SYSCALL_X=03FF]
[SYSCALL_Y=000C]
[SYSCALL_X=03FF]
[SYSCALL_Y=000C]
[SYSCALL_X=03FF]
[SYSCALL_Y=000C]
[SYSCALL_X=03FF]
[SYSCALL_Y=000C]
[SYSCALL_X=03FF]
[SYSCALL_Y=000C]
[SYSCALL_X=03FF]
[SYSCALL_Y=000C]
[SYSCALL_X=03FF]
[SYSCALL_Y=000C]
[SYSCALL_X=03FF]
[SYSCALL_Y=000C]
[SYSCALL_X=03FF]
[SYSCALL_Y=000C]
[SYSCALL_X=03FF]
[SYSCALL_Y=000C]
[SYSCALL_X=03FF]
[SYSCALL_Y=000C]
[SYSCALL_X=03FF]
[SYSCALL_Y=000C]
[SYSCALL_X=03FF]
[SYSCALL_Y=000C]
[SYSCALL_X=03FF]
[SYSCALL_Y=000C]
[SYSCALL_X=03FF]
[SYSCALL_Y=000C]
[SYSCALL_X=03FF]
[SYSCALL_Y=000C]
[SYSCALL_X=03FF]
[SYSCALL_Y=000C]
[SYSCALL_X=03FF]
[SYSCALL_Y=000C]
[SYSCALL_X=03FF]
[SYSCALL_Y=000C]
[SYSCALL_X=03FF]
[SYSCALL_Y=000C]
[SYSCALL_X=03FF]
[SYSCALL_Y=000C]
[SYSCALL_X=03FF]
[SYSCALL_Y=000C]
[SYSCALL_X=03FF]
[SYSCALL_Y=000C]
[SYSCALL_X=03FF]
[SYSCALL_Y=000C]
[SYSCALL_X=03FF]
[SYSCALL_Y=000C]
[SYSCALL_X=03FF]
[SYSCALL_Y=000C]
[SYSCALL_X=03FF]
[SYSCALL_Y=000C]
[SYSCALL_X=03FF]
[SYSCALL_Y=000C]
[SYSCALL_X=03FF]
[SYSCALL_Y=000C]
[SYSCALL_X=03FF]
[SYSCALL_Y=000C]
[SYSCALL_X=03FF]
[SYSCALL_Y=000C]
[SYSCALL_X=03FF]
[SYSCALL_Y=000C]
[SYSCALL_X=03FF]
[SYSCALL_Y=000C]
[SYSCALL_X=03FF]
[SYSCALL_Y=000C]
[SYSCALL_X=03FF]
[SYSCALL_Y=000C]
[SYSCALL_X=03FF]
[SYSCALL_Y=000C]
[SYSCALL_X=03FF]
[SYSCALL_Y=000C]
[SYSCALL_X=03FF]
[SYSCALL_Y=000C]
[SYSCALL_X=03FF]
[SYSCALL_Y=000C]
[SYSCALL_X=03FF]
[SYSCALL_Y=000C]
[SYSCALL_X=03FF]
[SYSCALL_Y=000C]
[SYSCALL_X=03FF]
[SYSCALL_Y=000C]
[SYSCALL_X=03FF]
[SYSCALL_Y=000C]
[SYSCALL_X=03FF]
[SYSCALL_Y=000C]
[SYSCALL_X=03FF]
[SYSCALL_Y=000C]
[SYSCALL_X=03FF]
[SYSCALL_Y=000C]
[SYSCALL_X=03FF]
[SYSCALL_Y=000C]
[SYSCALL_X=03FF]
[SYSCALL_Y=000C]
[SYSCALL_X=03FF]
[SYSCALL_Y=000C]
[SYSCALL_X=03FF]
[SYSCALL_Y=000C]
[SYSCALL_X=03FF]
[SYSCALL_Y=000C]
[SYSCALL_X=03FF]
[SYSCALL_Y=000C]
[SYSCALL_X=03FF]
[SYSCALL_Y=000C]
[SYSCALL_X=03FF]
[SYSCALL_Y=000C]
[SYSCALL_X=03FF]
[SYSCALL_Y=000C]
[SYSCALL_X=03FF]
[SYSCALL_Y=000C]
[SYSCALL_X=03FF]
[SYSCALL_Y=000C]
[SYSCALL_X=03FF]
[SYSCALL_Y=000C]
[SYSCALL_X=03FF]
[SYSCALL_Y=000C]
[SYSCALL_X=03FF]
[SYSCALL_Y=000C]
[SYSCALL_X=03FF]
[SYSCALL_Y=000C]
[SYSCALL_X=03FF]
[SYSCALL_Y=000C]
[SYSCALL_X=03FF]
[SYSCALL_Y=000C]
[SYSCALL_X=03FF]
[SYSCALL_Y=000C]
[SYSCALL_X=03FF]
[SYSCALL_Y=000C]
[SYSCALL_X=03FF]
[SYSCALL_Y=000C]
[SYSCALL_X=03FF]
[SYSCALL_Y=000C]
[SYSCALL_X=03FF]
[SYSCALL_Y=000C]
[SYSCALL_X=03FF]
[SYSCALL_Y=000C]
[SYSCALL_X=03FF]
[SYSCALL_Y=000C]
[SYSCALL_X=03FF]
[SYSCALL_Y=000C]
[SYSCALL_X=03FF]
[SYSCALL_Y=000C]
[SYSCALL_X=03FF]
[SYSCALL_Y=000C]
[SYSCALL_X=03FF]
[SYSCALL_Y=000C]
[SYSCALL_X=03FF]
[SYSCALL_Y=000C]
[SYSCALL_X=03FF]
[SYSCALL_Y=000C]
[SYSCALL_X=03FF]
[SYSCALL_Y=000C]
[SYSCALL_X=03FF]
[SYSCALL_Y=000C]
[SYSCALL_X=03FF]
[SYSCALL_Y=000C]
[SYSCALL_X=03FF]
[SYSCALL_Y=000C]
[SYSCALL_X=03FF]
[SYSCALL_Y=000C]
[SYSCALL_X=03FF]
[SYSCALL_Y=000C]
[SYSCALL_X=03FF]
[SYSCALL_Y=000C]
[SYSCALL_X=03FF]
[SYSCALL_Y=000C]
[SYSCALL_X=03FF]
[SYSCALL_Y=000C]
[SYSCALL_X=03FF]
[SYSCALL_Y=000C]
[SYSCALL_X=03FF]
[SYSCALL_Y=000C]
[SYSCALL_X=03FF]
[SYSCALL_Y=000C]
[SYSCALL_X=03FF]
[SYSCALL_Y=000C]
[SYSCALL_X=03FF]
[SYSCALL_Y=000C]
[SYSCALL_X=03FF]
[SYSCALL_Y=000C]
[SYSCALL_X=03FF]
[SYSCALL_Y=000C]
[POLL] status=1C slave_pic=EF IRQ12_masked=00
[SYSCALL_X=03FF]
[SYSCALL_Y=000C]
[SYSCALL_X=03FF]
[SYSCALL_Y=000C]
[SYSCALL_X=03FF]
[SYSCALL_Y=000C]
[SYSCALL_X=03FF]
[SYSCALL_Y=000C]
[SYSCALL_X=03FF]
[SYSCALL_Y=000C]
[SYSCALL_X=03FF]
[SYSCALL_Y=000C]
[SYSCALL_X=03FF]
[SYSCALL_Y=000C]
[SYSCALL_X=03FF]
[SYSCALL_Y=000C]
